mode: set
github.com/Aziz-Gafuroff/wallet/pkg/wallet/wallet.go:26.79,27.37 1 1
github.com/Aziz-Gafuroff/wallet/pkg/wallet/wallet.go:33.2,41.21 4 1
github.com/Aziz-Gafuroff/wallet/pkg/wallet/wallet.go:27.37,28.29 1 0
github.com/Aziz-Gafuroff/wallet/pkg/wallet/wallet.go:28.29,30.4 1 0
github.com/Aziz-Gafuroff/wallet/pkg/wallet/wallet.go:45.76,46.37 1 1
github.com/Aziz-Gafuroff/wallet/pkg/wallet/wallet.go:53.2,53.32 1 1
github.com/Aziz-Gafuroff/wallet/pkg/wallet/wallet.go:46.37,47.30 1 1
github.com/Aziz-Gafuroff/wallet/pkg/wallet/wallet.go:47.30,49.4 1 1
github.com/Aziz-Gafuroff/wallet/pkg/wallet/wallet.go:58.116,59.17 1 1
github.com/Aziz-Gafuroff/wallet/pkg/wallet/wallet.go:63.2,64.16 2 1
github.com/Aziz-Gafuroff/wallet/pkg/wallet/wallet.go:68.2,68.30 1 1
github.com/Aziz-Gafuroff/wallet/pkg/wallet/wallet.go:72.2,84.21 5 1
github.com/Aziz-Gafuroff/wallet/pkg/wallet/wallet.go:59.17,61.3 1 0
github.com/Aziz-Gafuroff/wallet/pkg/wallet/wallet.go:64.16,66.3 1 0
github.com/Aziz-Gafuroff/wallet/pkg/wallet/wallet.go:68.30,70.3 1 0
github.com/Aziz-Gafuroff/wallet/pkg/wallet/wallet.go:87.77,88.37 1 1
github.com/Aziz-Gafuroff/wallet/pkg/wallet/wallet.go:95.2,95.32 1 1
github.com/Aziz-Gafuroff/wallet/pkg/wallet/wallet.go:88.37,89.30 1 1
github.com/Aziz-Gafuroff/wallet/pkg/wallet/wallet.go:89.30,91.4 1 1
github.com/Aziz-Gafuroff/wallet/pkg/wallet/wallet.go:98.50,101.16 2 1
github.com/Aziz-Gafuroff/wallet/pkg/wallet/wallet.go:105.2,106.16 2 1
github.com/Aziz-Gafuroff/wallet/pkg/wallet/wallet.go:110.2,113.12 3 1
github.com/Aziz-Gafuroff/wallet/pkg/wallet/wallet.go:101.16,103.3 1 1
github.com/Aziz-Gafuroff/wallet/pkg/wallet/wallet.go:106.16,108.3 1 0
github.com/Aziz-Gafuroff/wallet/pkg/wallet/wallet.go:116.70,118.16 2 1
github.com/Aziz-Gafuroff/wallet/pkg/wallet/wallet.go:122.2,124.12 2 1
github.com/Aziz-Gafuroff/wallet/pkg/wallet/wallet.go:118.16,120.3 1 0
github.com/Aziz-Gafuroff/wallet/pkg/wallet/wallet.go:127.68,129.16 2 1
github.com/Aziz-Gafuroff/wallet/pkg/wallet/wallet.go:133.2,134.16 2 1
github.com/Aziz-Gafuroff/wallet/pkg/wallet/wallet.go:138.2,138.21 1 1
github.com/Aziz-Gafuroff/wallet/pkg/wallet/wallet.go:129.16,131.3 1 0
github.com/Aziz-Gafuroff/wallet/pkg/wallet/wallet.go:134.16,136.3 1 0
github.com/Aziz-Gafuroff/wallet/pkg/wallet/wallet.go:141.91,143.16 2 1
github.com/Aziz-Gafuroff/wallet/pkg/wallet/wallet.go:147.2,158.22 4 1
github.com/Aziz-Gafuroff/wallet/pkg/wallet/wallet.go:143.16,145.3 1 0
github.com/Aziz-Gafuroff/wallet/pkg/wallet/wallet.go:161.80,162.39 1 1
github.com/Aziz-Gafuroff/wallet/pkg/wallet/wallet.go:170.2,170.33 1 0
github.com/Aziz-Gafuroff/wallet/pkg/wallet/wallet.go:162.39,163.32 1 1
github.com/Aziz-Gafuroff/wallet/pkg/wallet/wallet.go:163.32,166.4 1 1
github.com/Aziz-Gafuroff/wallet/pkg/wallet/wallet.go:173.78,175.16 2 1
github.com/Aziz-Gafuroff/wallet/pkg/wallet/wallet.go:179.2,180.16 2 1
github.com/Aziz-Gafuroff/wallet/pkg/wallet/wallet.go:184.2,184.21 1 1
github.com/Aziz-Gafuroff/wallet/pkg/wallet/wallet.go:175.16,177.3 1 0
github.com/Aziz-Gafuroff/wallet/pkg/wallet/wallet.go:180.16,182.3 1 0
