mode: set
github.com/Aziz-Gafuroff/wallet/pkg/wallet/wallet.go:24.79,25.37 1 1
github.com/Aziz-Gafuroff/wallet/pkg/wallet/wallet.go:31.2,39.21 4 1
github.com/Aziz-Gafuroff/wallet/pkg/wallet/wallet.go:25.37,26.29 1 0
github.com/Aziz-Gafuroff/wallet/pkg/wallet/wallet.go:26.29,28.4 1 0
github.com/Aziz-Gafuroff/wallet/pkg/wallet/wallet.go:43.76,44.37 1 1
github.com/Aziz-Gafuroff/wallet/pkg/wallet/wallet.go:51.2,51.32 1 1
github.com/Aziz-Gafuroff/wallet/pkg/wallet/wallet.go:44.37,45.30 1 1
github.com/Aziz-Gafuroff/wallet/pkg/wallet/wallet.go:45.30,47.4 1 1
github.com/Aziz-Gafuroff/wallet/pkg/wallet/wallet.go:56.116,57.17 1 1
github.com/Aziz-Gafuroff/wallet/pkg/wallet/wallet.go:61.2,62.16 2 1
github.com/Aziz-Gafuroff/wallet/pkg/wallet/wallet.go:66.2,66.30 1 1
github.com/Aziz-Gafuroff/wallet/pkg/wallet/wallet.go:70.2,82.21 5 1
github.com/Aziz-Gafuroff/wallet/pkg/wallet/wallet.go:57.17,59.3 1 0
github.com/Aziz-Gafuroff/wallet/pkg/wallet/wallet.go:62.16,64.3 1 0
github.com/Aziz-Gafuroff/wallet/pkg/wallet/wallet.go:66.30,68.3 1 0
github.com/Aziz-Gafuroff/wallet/pkg/wallet/wallet.go:85.77,86.37 1 1
github.com/Aziz-Gafuroff/wallet/pkg/wallet/wallet.go:93.2,93.32 1 1
github.com/Aziz-Gafuroff/wallet/pkg/wallet/wallet.go:86.37,87.30 1 1
github.com/Aziz-Gafuroff/wallet/pkg/wallet/wallet.go:87.30,89.4 1 1
github.com/Aziz-Gafuroff/wallet/pkg/wallet/wallet.go:96.50,99.16 2 1
github.com/Aziz-Gafuroff/wallet/pkg/wallet/wallet.go:103.2,104.16 2 1
github.com/Aziz-Gafuroff/wallet/pkg/wallet/wallet.go:108.2,111.12 3 1
github.com/Aziz-Gafuroff/wallet/pkg/wallet/wallet.go:99.16,101.3 1 1
github.com/Aziz-Gafuroff/wallet/pkg/wallet/wallet.go:104.16,106.3 1 0
github.com/Aziz-Gafuroff/wallet/pkg/wallet/wallet.go:114.70,116.16 2 1
github.com/Aziz-Gafuroff/wallet/pkg/wallet/wallet.go:120.2,122.12 2 1
github.com/Aziz-Gafuroff/wallet/pkg/wallet/wallet.go:116.16,118.3 1 0
github.com/Aziz-Gafuroff/wallet/pkg/wallet/wallet.go:125.68,127.16 2 1
github.com/Aziz-Gafuroff/wallet/pkg/wallet/wallet.go:131.2,132.16 2 1
github.com/Aziz-Gafuroff/wallet/pkg/wallet/wallet.go:136.2,136.21 1 1
github.com/Aziz-Gafuroff/wallet/pkg/wallet/wallet.go:127.16,129.3 1 0
github.com/Aziz-Gafuroff/wallet/pkg/wallet/wallet.go:132.16,134.3 1 0
